<?xml version="1.0" encoding="UTF-8"?>
<testng-results ignored="0" total="1" passed="1" failed="0" skipped="0">
  <reporter-output>
  </reporter-output>
  <suite started-at="2022-09-14T12:59:43 IST" name="TestingAmazon" finished-at="2022-09-14T12:59:45 IST" duration-ms="2051">
    <groups>
    </groups>
    <test started-at="2022-09-14T12:59:43 IST" name="AmazonTest" finished-at="2022-09-14T12:59:45 IST" duration-ms="2051">
      <class name="com.amazon.test.TestAmazon">
        <test-method is-config="true" signature="initializeTestBaseSetup(java.lang.String,java.lang.String)[pri:0, instance:com.amazon.test.TestAmazon@2a265ea9]" started-at="2022-09-14T12:59:29 IST" name="initializeTestBaseSetup" finished-at="2022-09-14T12:59:43 IST" duration-ms="13937" status="PASS">
          <params>
            <param index="0">
              <value>
                <![CDATA[chrome]]>
              </value>
            </param>
            <param index="1">
              <value>
                <![CDATA[https://www.amazon.in/]]>
              </value>
            </param>
          </params>
          <reporter-output>
          </reporter-output>
        </test-method> <!-- initializeTestBaseSetup -->
        <test-method is-config="true" signature="setUp()[pri:0, instance:com.amazon.test.TestAmazon@2a265ea9]" started-at="2022-09-14T12:59:43 IST" name="setUp" finished-at="2022-09-14T12:59:43 IST" depends-on-methods="com.amazon.core.BaseSetup.initializeTestBaseSetup" duration-ms="0" status="PASS">
          <reporter-output>
          </reporter-output>
        </test-method> <!-- setUp -->
        <test-method signature="productAboutTest()[pri:0, instance:com.amazon.test.TestAmazon@2a265ea9]" started-at="2022-09-14T12:59:43 IST" name="productAboutTest" finished-at="2022-09-14T12:59:45 IST" duration-ms="2003" status="PASS">
          <reporter-output>
          </reporter-output>
        </test-method> <!-- productAboutTest -->
        <test-method is-config="true" signature="tearDown()[pri:0, instance:com.amazon.test.TestAmazon@2a265ea9]" started-at="2022-09-14T12:59:45 IST" name="tearDown" finished-at="2022-09-14T12:59:45 IST" duration-ms="219" status="PASS">
          <reporter-output>
          </reporter-output>
        </test-method> <!-- tearDown -->
      </class> <!-- com.amazon.test.TestAmazon -->
    </test> <!-- AmazonTest -->
  </suite> <!-- TestingAmazon -->
</testng-results>
