<?xml version="1.0" encoding="UTF-8"?>
<testng-results ignored="0" total="1" passed="1" failed="0" skipped="0">
  <reporter-output>
  </reporter-output>
  <suite started-at="2022-09-15T12:58:08 IST" name="TestingAmazon" finished-at="2022-09-15T12:58:23 IST" duration-ms="15515">
    <groups>
    </groups>
    <test started-at="2022-09-15T12:58:08 IST" name="AmazonTest" finished-at="2022-09-15T12:58:23 IST" duration-ms="15515">
      <class name="com.amazon.test.TestAmazon">
        <test-method is-config="true" signature="initializeTestBaseSetup(java.lang.String,java.lang.String)[pri:0, instance:com.amazon.test.TestAmazon@4b741d6d]" started-at="2022-09-15T12:58:03 IST" name="initializeTestBaseSetup" finished-at="2022-09-15T12:58:08 IST" duration-ms="5166" status="PASS">
          <params>
            <param index="0">
              <value>
                <![CDATA[chrome]]>
              </value>
            </param>
            <param index="1">
              <value>
                <![CDATA[https://www.amazon.in/]]>
              </value>
            </param>
          </params>
          <reporter-output>
          </reporter-output>
        </test-method> <!-- initializeTestBaseSetup -->
        <test-method is-config="true" signature="setUp()[pri:0, instance:com.amazon.test.TestAmazon@4b741d6d]" started-at="2022-09-15T12:58:08 IST" name="setUp" finished-at="2022-09-15T12:58:08 IST" depends-on-methods="com.amazon.core.BaseSetup.initializeTestBaseSetup" duration-ms="1" status="PASS">
          <reporter-output>
          </reporter-output>
        </test-method> <!-- setUp -->
        <test-method signature="productAboutTest()[pri:0, instance:com.amazon.test.TestAmazon@4b741d6d]" started-at="2022-09-15T12:58:08 IST" name="productAboutTest" finished-at="2022-09-15T12:58:23 IST" duration-ms="15475" status="PASS">
          <reporter-output>
          </reporter-output>
        </test-method> <!-- productAboutTest -->
        <test-method is-config="true" signature="getResult(org.testng.ITestResult)[pri:0, instance:com.amazon.test.TestAmazon@4b741d6d]" started-at="2022-09-15T12:58:23 IST" name="getResult" finished-at="2022-09-15T12:58:23 IST" duration-ms="9" status="PASS">
          <params>
            <param index="0">
              <value>
                <![CDATA[[TestResult name=productAboutTest status=SUCCESS method=TestAmazon.productAboutTest()[pri:0, instance:com.amazon.test.TestAmazon@4b741d6d] output={null}]]]>
              </value>
            </param>
          </params>
          <reporter-output>
          </reporter-output>
        </test-method> <!-- getResult -->
        <test-method is-config="true" signature="tearDown()[pri:0, instance:com.amazon.test.TestAmazon@4b741d6d]" started-at="2022-09-15T12:58:23 IST" name="tearDown" finished-at="2022-09-15T12:58:24 IST" duration-ms="693" status="PASS">
          <reporter-output>
          </reporter-output>
        </test-method> <!-- tearDown -->
      </class> <!-- com.amazon.test.TestAmazon -->
    </test> <!-- AmazonTest -->
  </suite> <!-- TestingAmazon -->
</testng-results>
